%!Adobe-FontList 1.20
%Locale:0x409

%BeginFont
Handler:DirectoryHandler
FontType:TrueType
FontName:PTSans-Bold
FamilyName:PT Sans
StyleName:Bold
FullName:PT Sans Bold
MenuName:PT Sans
StyleBits:2
WritingScript:Roman
OutlineFileName:D:\web  development\tinyone\Font\PT_Sans\PTSans-Bold.ttf
DataFormat:sfntData
hasSVG:no
VariableFontType:NonVariableFont
FileLength:287936
FileModTime:1285005600
WeightClass:700
WidthClass:5
AngleClass:0
NameArray:0,Win,1,PT Sans
%EndFont

%BeginFont
Handler:DirectoryHandler
FontType:TrueType
FontName:PTSans-Regular
FamilyName:PT Sans
StyleName:Regular
FullName:PT Sans
MenuName:PT Sans
StyleBits:0
WritingScript:Roman
OutlineFileName:D:\web  development\tinyone\Font\PT_Sans\PTSans-Regular.ttf
DataFormat:sfntData
hasSVG:no
VariableFontType:NonVariableFont
FileLength:278168
FileModTime:1285005600
WeightClass:400
WidthClass:5
AngleClass:0
NameArray:0,Win,1,PT Sans
%EndFont

